<?xml version="1.0" encoding="UTF-8"?>
<!-- Generated by org.testng.reporters.JUnitXMLReporter -->
<testsuite ignored="0" hostname="LAPTOP-7EIT1HQI" failures="0" tests="4" name="Default test" time="3.797" errors="0" timestamp="2022-08-03T20:47:10 EDT">
  <testcase classname="com.apitest.com.GETRequestRestAssured" name="DemoPOST" time="2.431"/>
  <testcase classname="com.apitest.com.GETRequestRestAssured" name="GetBookDetails" time="0.401"/>
  <testcase classname="com.apitest.com.GETRequestRestAssured" name="anotherExample" time="0.602"/>
  <testcase classname="com.apitest.com.GETRequestRestAssured" name="getWeatherDetails" time="0.325"/>
</testsuite> <!-- Default test -->
