<?xml version="1.0" encoding="UTF-8"?>
<testng-results ignored="0" total="1" passed="1" failed="0" skipped="0">
  <reporter-output>
  </reporter-output>
  <suite started-at="2022-08-02T19:37:50 EDT" name="Default suite" finished-at="2022-08-02T19:37:53 EDT" duration-ms="3096">
    <groups>
    </groups>
    <test started-at="2022-08-02T19:37:50 EDT" name="Default test" finished-at="2022-08-02T19:37:53 EDT" duration-ms="3096">
      <class name="com.apitest.com.GETRequestRestAssured">
        <test-method signature="getWeatherDetails()[pri:0, instance:com.apitest.com.GETRequestRestAssured@72a7c7e0]" started-at="2022-08-02T19:37:50 EDT" name="getWeatherDetails" finished-at="2022-08-02T19:37:53 EDT" duration-ms="3013" status="PASS">
          <reporter-output>
          </reporter-output>
        </test-method> <!-- getWeatherDetails -->
      </class> <!-- com.apitest.com.GETRequestRestAssured -->
    </test> <!-- Default test -->
  </suite> <!-- Default suite -->
</testng-results>
