<?xml version="1.0" encoding="UTF-8"?>
<testng-results ignored="0" total="4" passed="4" failed="0" skipped="0">
  <reporter-output>
  </reporter-output>
  <suite started-at="2022-08-03T20:47:06 EDT" name="Default suite" finished-at="2022-08-03T20:47:10 EDT" duration-ms="3797">
    <groups>
    </groups>
    <test started-at="2022-08-03T20:47:06 EDT" name="Default test" finished-at="2022-08-03T20:47:10 EDT" duration-ms="3797">
      <class name="com.apitest.com.GETRequestRestAssured">
        <test-method signature="DemoPOST()[pri:0, instance:com.apitest.com.GETRequestRestAssured@17046283]" started-at="2022-08-03T20:47:06 EDT" name="DemoPOST" finished-at="2022-08-03T20:47:09 EDT" duration-ms="2431" status="PASS">
          <reporter-output>
          </reporter-output>
        </test-method> <!-- DemoPOST -->
        <test-method signature="GetBookDetails()[pri:0, instance:com.apitest.com.GETRequestRestAssured@17046283]" started-at="2022-08-03T20:47:09 EDT" name="GetBookDetails" finished-at="2022-08-03T20:47:09 EDT" duration-ms="401" status="PASS">
          <reporter-output>
          </reporter-output>
        </test-method> <!-- GetBookDetails -->
        <test-method signature="anotherExample()[pri:0, instance:com.apitest.com.GETRequestRestAssured@17046283]" started-at="2022-08-03T20:47:09 EDT" name="anotherExample" finished-at="2022-08-03T20:47:10 EDT" duration-ms="602" status="PASS">
          <reporter-output>
          </reporter-output>
        </test-method> <!-- anotherExample -->
        <test-method signature="getWeatherDetails()[pri:0, instance:com.apitest.com.GETRequestRestAssured@17046283]" started-at="2022-08-03T20:47:10 EDT" name="getWeatherDetails" finished-at="2022-08-03T20:47:10 EDT" duration-ms="325" status="PASS">
          <reporter-output>
          </reporter-output>
        </test-method> <!-- getWeatherDetails -->
      </class> <!-- com.apitest.com.GETRequestRestAssured -->
    </test> <!-- Default test -->
  </suite> <!-- Default suite -->
</testng-results>
